{"/Users/ben/Sites/backbase/stash-rest-api/index.js":{"path":"/Users/ben/Sites/backbase/stash-rest-api/index.js","s":{"1":1},"b":{},"f":{},"fnMap":{},"statementMap":{"1":{"start":{"line":2,"column":0},"end":{"line":2,"column":41}}},"branchMap":{}},"/Users/ben/Sites/backbase/stash-rest-api/lib/client.js":{"path":"/Users/ben/Sites/backbase/stash-rest-api/lib/client.js","s":{"1":1,"2":1,"3":1,"4":1,"5":10,"6":10,"7":10,"8":10,"9":10,"10":10,"11":1,"12":17,"13":17,"14":17,"15":17,"16":17,"17":1},"b":{"1":[17,10],"2":[17,13]},"f":{"1":10,"2":17,"3":17,"4":17},"fnMap":{"1":{"name":"(anonymous_1)","line":6,"loc":{"start":{"line":6,"column":13},"end":{"line":6,"column":47}}},"2":{"name":"(anonymous_2)","line":17,"loc":{"start":{"line":17,"column":23},"end":{"line":17,"column":47}}},"3":{"name":"(anonymous_3)","line":18,"loc":{"start":{"line":18,"column":23},"end":{"line":18,"column":49}}},"4":{"name":"(anonymous_4)","line":22,"loc":{"start":{"line":22,"column":81},"end":{"line":22,"column":105}}}},"statementMap":{"1":{"start":{"line":2,"column":0},"end":{"line":2,"column":30}},"2":{"start":{"line":3,"column":0},"end":{"line":3,"column":42}},"3":{"start":{"line":4,"column":0},"end":{"line":4,"column":52}},"4":{"start":{"line":6,"column":0},"end":{"line":15,"column":2}},"5":{"start":{"line":7,"column":4},"end":{"line":7,"column":27}},"6":{"start":{"line":8,"column":4},"end":{"line":8,"column":74}},"7":{"start":{"line":11,"column":4},"end":{"line":11,"column":52}},"8":{"start":{"line":12,"column":4},"end":{"line":12,"column":46}},"9":{"start":{"line":13,"column":4},"end":{"line":13,"column":42}},"10":{"start":{"line":14,"column":4},"end":{"line":14,"column":46}},"11":{"start":{"line":17,"column":0},"end":{"line":26,"column":2}},"12":{"start":{"line":18,"column":4},"end":{"line":25,"column":18}},"13":{"start":{"line":19,"column":8},"end":{"line":19,"column":32}},"14":{"start":{"line":20,"column":8},"end":{"line":20,"column":69}},"15":{"start":{"line":22,"column":8},"end":{"line":24,"column":10}},"16":{"start":{"line":23,"column":12},"end":{"line":23,"column":26}},"17":{"start":{"line":28,"column":0},"end":{"line":28,"column":24}}},"branchMap":{"1":{"line":19,"type":"binary-expr","locations":[{"start":{"line":19,"column":18},"end":{"line":19,"column":25}},{"start":{"line":19,"column":29},"end":{"line":19,"column":31}}]},"2":{"line":20,"type":"binary-expr","locations":[{"start":{"line":20,"column":30},"end":{"line":20,"column":42}},{"start":{"line":20,"column":46},"end":{"line":20,"column":48}}]}}},"/Users/ben/Sites/backbase/stash-rest-api/lib/api/projects.js":{"path":"/Users/ben/Sites/backbase/stash-rest-api/lib/api/projects.js","s":{"1":1,"2":30,"3":4},"b":{},"f":{"1":30,"2":4},"fnMap":{"1":{"name":"(anonymous_1)","line":2,"loc":{"start":{"line":2,"column":17},"end":{"line":2,"column":35}}},"2":{"name":"(anonymous_2)","line":4,"loc":{"start":{"line":4,"column":13},"end":{"line":4,"column":31}}}},"statementMap":{"1":{"start":{"line":2,"column":0},"end":{"line":8,"column":2}},"2":{"start":{"line":3,"column":4},"end":{"line":7,"column":5}},"3":{"start":{"line":5,"column":12},"end":{"line":5,"column":51}}},"branchMap":{}},"/Users/ben/Sites/backbase/stash-rest-api/lib/api/repos.js":{"path":"/Users/ben/Sites/backbase/stash-rest-api/lib/api/repos.js","s":{"1":1,"2":1,"3":1,"4":20,"5":20,"6":5,"7":0,"8":3,"9":0,"10":3,"11":3,"12":3,"13":3,"14":3,"15":3,"16":3,"17":3,"18":3,"19":0,"20":3},"b":{"1":[0,3],"2":[0,3]},"f":{"1":20,"2":5,"3":0,"4":3,"5":3,"6":3,"7":3,"8":3,"9":3},"fnMap":{"1":{"name":"(anonymous_1)","line":5,"loc":{"start":{"line":5,"column":17},"end":{"line":5,"column":35}}},"2":{"name":"(anonymous_2)","line":10,"loc":{"start":{"line":10,"column":13},"end":{"line":10,"column":43}}},"3":{"name":"(anonymous_3)","line":14,"loc":{"start":{"line":14,"column":17},"end":{"line":14,"column":53}}},"4":{"name":"(anonymous_4)","line":18,"loc":{"start":{"line":18,"column":21},"end":{"line":18,"column":51}}},"5":{"name":"(anonymous_5)","line":28,"loc":{"start":{"line":28,"column":35},"end":{"line":28,"column":61}}},"6":{"name":"(anonymous_6)","line":30,"loc":{"start":{"line":30,"column":40},"end":{"line":30,"column":67}}},"7":{"name":"(anonymous_7)","line":32,"loc":{"start":{"line":32,"column":65},"end":{"line":32,"column":100}}},"8":{"name":"(anonymous_8)","line":34,"loc":{"start":{"line":34,"column":54},"end":{"line":34,"column":77}}},"9":{"name":"(anonymous_9)","line":39,"loc":{"start":{"line":39,"column":27},"end":{"line":39,"column":41}}}},"statementMap":{"1":{"start":{"line":2,"column":0},"end":{"line":2,"column":29}},"2":{"start":{"line":3,"column":0},"end":{"line":3,"column":30}},"3":{"start":{"line":5,"column":0},"end":{"line":52,"column":2}},"4":{"start":{"line":7,"column":4},"end":{"line":7,"column":49}},"5":{"start":{"line":9,"column":4},"end":{"line":51,"column":6}},"6":{"start":{"line":11,"column":12},"end":{"line":11,"column":76}},"7":{"start":{"line":15,"column":12},"end":{"line":15,"column":84}},"8":{"start":{"line":19,"column":12},"end":{"line":49,"column":13}},"9":{"start":{"line":20,"column":16},"end":{"line":20,"column":53}},"10":{"start":{"line":24,"column":16},"end":{"line":24,"column":39}},"11":{"start":{"line":26,"column":16},"end":{"line":26,"column":31}},"12":{"start":{"line":28,"column":16},"end":{"line":48,"column":19}},"13":{"start":{"line":30,"column":20},"end":{"line":47,"column":23}},"14":{"start":{"line":32,"column":24},"end":{"line":46,"column":27}},"15":{"start":{"line":34,"column":28},"end":{"line":38,"column":31}},"16":{"start":{"line":36,"column":32},"end":{"line":36,"column":105}},"17":{"start":{"line":37,"column":32},"end":{"line":37,"column":43}},"18":{"start":{"line":40,"column":28},"end":{"line":45,"column":29}},"19":{"start":{"line":41,"column":32},"end":{"line":41,"column":44}},"20":{"start":{"line":44,"column":32},"end":{"line":44,"column":64}}},"branchMap":{"1":{"line":19,"type":"if","locations":[{"start":{"line":19,"column":12},"end":{"line":19,"column":12}},{"start":{"line":19,"column":12},"end":{"line":19,"column":12}}]},"2":{"line":40,"type":"if","locations":[{"start":{"line":40,"column":28},"end":{"line":40,"column":28}},{"start":{"line":40,"column":28},"end":{"line":40,"column":28}}]}}},"/Users/ben/Sites/backbase/stash-rest-api/lib/api/prs.js":{"path":"/Users/ben/Sites/backbase/stash-rest-api/lib/api/prs.js","s":{"1":1,"2":1,"3":1,"4":2,"5":2,"6":1,"7":10,"8":10,"9":4,"10":2,"11":4,"12":4,"13":4,"14":4,"15":2,"16":4,"17":3,"18":0,"19":3,"20":3,"21":3,"22":3,"23":3,"24":3,"25":3,"26":3,"27":3,"28":0,"29":3},"b":{"1":[2,2],"2":[2,2],"3":[4,4],"4":[2,2],"5":[0,3],"6":[3,0],"7":[0,3]},"f":{"1":2,"2":2,"3":10,"4":4,"5":4,"6":3,"7":3,"8":3,"9":3,"10":3,"11":3},"fnMap":{"1":{"name":"filterByAuthor","line":5,"loc":{"start":{"line":5,"column":0},"end":{"line":5,"column":32}}},"2":{"name":"(anonymous_2)","line":6,"loc":{"start":{"line":6,"column":11},"end":{"line":6,"column":24}}},"3":{"name":"(anonymous_3)","line":11,"loc":{"start":{"line":11,"column":17},"end":{"line":11,"column":35}}},"4":{"name":"(anonymous_4)","line":14,"loc":{"start":{"line":14,"column":13},"end":{"line":14,"column":49}}},"5":{"name":"(anonymous_5)","line":22,"loc":{"start":{"line":22,"column":56},"end":{"line":22,"column":75}}},"6":{"name":"(anonymous_6)","line":31,"loc":{"start":{"line":31,"column":21},"end":{"line":31,"column":57}}},"7":{"name":"(anonymous_7)","line":42,"loc":{"start":{"line":42,"column":35},"end":{"line":42,"column":61}}},"8":{"name":"(anonymous_8)","line":44,"loc":{"start":{"line":44,"column":55},"end":{"line":44,"column":79}}},"9":{"name":"(anonymous_9)","line":46,"loc":{"start":{"line":46,"column":62},"end":{"line":46,"column":94}}},"10":{"name":"(anonymous_10)","line":47,"loc":{"start":{"line":47,"column":79},"end":{"line":47,"column":100}}},"11":{"name":"(anonymous_11)","line":52,"loc":{"start":{"line":52,"column":27},"end":{"line":52,"column":41}}}},"statementMap":{"1":{"start":{"line":2,"column":0},"end":{"line":2,"column":29}},"2":{"start":{"line":3,"column":0},"end":{"line":3,"column":30}},"3":{"start":{"line":5,"column":0},"end":{"line":9,"column":1}},"4":{"start":{"line":6,"column":4},"end":{"line":8,"column":6}},"5":{"start":{"line":7,"column":8},"end":{"line":7,"column":57}},"6":{"start":{"line":11,"column":0},"end":{"line":66,"column":2}},"7":{"start":{"line":12,"column":4},"end":{"line":12,"column":43}},"8":{"start":{"line":13,"column":4},"end":{"line":65,"column":5}},"9":{"start":{"line":15,"column":12},"end":{"line":17,"column":13}},"10":{"start":{"line":16,"column":16},"end":{"line":16,"column":29}},"11":{"start":{"line":19,"column":12},"end":{"line":19,"column":75}},"12":{"start":{"line":20,"column":12},"end":{"line":20,"column":86}},"13":{"start":{"line":22,"column":12},"end":{"line":28,"column":15}},"14":{"start":{"line":24,"column":16},"end":{"line":26,"column":17}},"15":{"start":{"line":25,"column":20},"end":{"line":25,"column":93}},"16":{"start":{"line":27,"column":16},"end":{"line":27,"column":32}},"17":{"start":{"line":33,"column":12},"end":{"line":63,"column":13}},"18":{"start":{"line":34,"column":16},"end":{"line":34,"column":59}},"19":{"start":{"line":38,"column":16},"end":{"line":38,"column":38}},"20":{"start":{"line":39,"column":16},"end":{"line":39,"column":31}},"21":{"start":{"line":42,"column":16},"end":{"line":61,"column":19}},"22":{"start":{"line":44,"column":20},"end":{"line":60,"column":23}},"23":{"start":{"line":46,"column":24},"end":{"line":59,"column":27}},"24":{"start":{"line":47,"column":28},"end":{"line":50,"column":31}},"25":{"start":{"line":48,"column":32},"end":{"line":48,"column":99}},"26":{"start":{"line":49,"column":32},"end":{"line":49,"column":43}},"27":{"start":{"line":53,"column":28},"end":{"line":58,"column":29}},"28":{"start":{"line":54,"column":32},"end":{"line":54,"column":44}},"29":{"start":{"line":57,"column":32},"end":{"line":57,"column":62}}},"branchMap":{"1":{"line":7,"type":"binary-expr","locations":[{"start":{"line":7,"column":15},"end":{"line":7,"column":22}},{"start":{"line":7,"column":26},"end":{"line":7,"column":56}}]},"2":{"line":15,"type":"if","locations":[{"start":{"line":15,"column":12},"end":{"line":15,"column":12}},{"start":{"line":15,"column":12},"end":{"line":15,"column":12}}]},"3":{"line":19,"type":"binary-expr","locations":[{"start":{"line":19,"column":47},"end":{"line":19,"column":60}},{"start":{"line":19,"column":64},"end":{"line":19,"column":70}}]},"4":{"line":24,"type":"if","locations":[{"start":{"line":24,"column":16},"end":{"line":24,"column":16}},{"start":{"line":24,"column":16},"end":{"line":24,"column":16}}]},"5":{"line":33,"type":"if","locations":[{"start":{"line":33,"column":12},"end":{"line":33,"column":12}},{"start":{"line":33,"column":12},"end":{"line":33,"column":12}}]},"6":{"line":33,"type":"binary-expr","locations":[{"start":{"line":33,"column":16},"end":{"line":33,"column":26}},{"start":{"line":33,"column":30},"end":{"line":33,"column":34}}]},"7":{"line":53,"type":"if","locations":[{"start":{"line":53,"column":28},"end":{"line":53,"column":28}},{"start":{"line":53,"column":28},"end":{"line":53,"column":28}}]}}},"/Users/ben/Sites/backbase/stash-rest-api/lib/api/hooks.js":{"path":"/Users/ben/Sites/backbase/stash-rest-api/lib/api/hooks.js","s":{"1":1,"2":1,"3":10,"4":2,"5":2,"6":2,"7":10,"8":1,"9":1,"10":1,"11":1},"b":{"1":[2,2]},"f":{"1":10,"2":2,"3":1,"4":1,"5":1,"6":1},"fnMap":{"1":{"name":"(anonymous_1)","line":4,"loc":{"start":{"line":4,"column":17},"end":{"line":4,"column":35}}},"2":{"name":"(anonymous_2)","line":5,"loc":{"start":{"line":5,"column":20},"end":{"line":5,"column":66}}},"3":{"name":"(anonymous_3)","line":13,"loc":{"start":{"line":13,"column":13},"end":{"line":13,"column":53}}},"4":{"name":"(anonymous_4)","line":17,"loc":{"start":{"line":17,"column":17},"end":{"line":17,"column":66}}},"5":{"name":"(anonymous_5)","line":21,"loc":{"start":{"line":21,"column":23},"end":{"line":21,"column":63}}},"6":{"name":"(anonymous_6)","line":25,"loc":{"start":{"line":25,"column":24},"end":{"line":25,"column":70}}}},"statementMap":{"1":{"start":{"line":2,"column":0},"end":{"line":2,"column":30}},"2":{"start":{"line":4,"column":0},"end":{"line":29,"column":2}},"3":{"start":{"line":5,"column":4},"end":{"line":10,"column":6}},"4":{"start":{"line":6,"column":8},"end":{"line":6,"column":36}},"5":{"start":{"line":7,"column":8},"end":{"line":7,"column":28}},"6":{"start":{"line":9,"column":8},"end":{"line":9,"column":104}},"7":{"start":{"line":12,"column":4},"end":{"line":28,"column":5}},"8":{"start":{"line":14,"column":12},"end":{"line":14,"column":108}},"9":{"start":{"line":18,"column":12},"end":{"line":18,"column":120}},"10":{"start":{"line":22,"column":12},"end":{"line":22,"column":75}},"11":{"start":{"line":26,"column":12},"end":{"line":26,"column":76}}},"branchMap":{"1":{"line":6,"type":"binary-expr","locations":[{"start":{"line":6,"column":22},"end":{"line":6,"column":29}},{"start":{"line":6,"column":33},"end":{"line":6,"column":35}}]}}}}