TN:
SF:/Users/ben/Sites/backbase/stash-rest-api/index.js
FNF:0
FNH:0
DA:2,1
LF:1
LH:1
BRF:0
BRH:0
end_of_record
TN:
SF:/Users/ben/Sites/backbase/stash-rest-api/lib/client.js
FN:6,(anonymous_1)
FN:17,(anonymous_2)
FN:23,(anonymous_3)
FN:30,(anonymous_4)
FN:31,(anonymous_5)
FNF:5
FNH:5
FNDA:10,(anonymous_1)
FNDA:16,(anonymous_2)
FNDA:17,(anonymous_3)
FNDA:17,(anonymous_4)
FNDA:17,(anonymous_5)
DA:2,1
DA:3,1
DA:4,1
DA:6,1
DA:7,10
DA:8,10
DA:11,10
DA:12,10
DA:13,10
DA:14,10
DA:17,1
DA:18,16
DA:19,16
DA:20,16
DA:23,1
DA:24,17
DA:25,17
DA:26,17
DA:27,17
DA:28,15
DA:30,17
DA:31,17
DA:32,17
DA:37,1
LF:24
LH:24
BRDA:18,1,0,16
BRDA:18,1,1,9
BRDA:19,2,0,16
BRDA:19,2,1,12
BRDA:24,3,0,17
BRDA:24,3,1,1
BRDA:25,4,0,17
BRDA:25,4,1,2
BRDA:27,5,0,15
BRDA:27,5,1,2
BRF:10
BRH:10
end_of_record
TN:
SF:/Users/ben/Sites/backbase/stash-rest-api/lib/api/projects.js
FN:2,(anonymous_1)
FN:4,(anonymous_2)
FNF:2
FNH:2
FNDA:30,(anonymous_1)
FNDA:4,(anonymous_2)
DA:2,1
DA:3,30
DA:5,4
LF:3
LH:3
BRF:0
BRH:0
end_of_record
TN:
SF:/Users/ben/Sites/backbase/stash-rest-api/lib/api/repos.js
FN:5,(anonymous_1)
FN:10,(anonymous_2)
FN:14,(anonymous_3)
FN:18,(anonymous_4)
FN:28,(anonymous_5)
FN:30,(anonymous_6)
FN:32,(anonymous_7)
FN:34,(anonymous_8)
FN:39,(anonymous_9)
FNF:9
FNH:8
FNDA:20,(anonymous_1)
FNDA:5,(anonymous_2)
FNDA:0,(anonymous_3)
FNDA:3,(anonymous_4)
FNDA:3,(anonymous_5)
FNDA:3,(anonymous_6)
FNDA:3,(anonymous_7)
FNDA:3,(anonymous_8)
FNDA:3,(anonymous_9)
DA:2,1
DA:3,1
DA:5,1
DA:7,20
DA:9,20
DA:11,5
DA:15,0
DA:19,3
DA:20,0
DA:24,3
DA:26,3
DA:28,3
DA:30,3
DA:32,3
DA:34,3
DA:36,3
DA:37,3
DA:40,3
DA:41,0
DA:44,3
LF:20
LH:17
BRDA:19,1,0,0
BRDA:19,1,1,3
BRDA:40,2,0,0
BRDA:40,2,1,3
BRF:4
BRH:2
end_of_record
TN:
SF:/Users/ben/Sites/backbase/stash-rest-api/lib/api/prs.js
FN:5,filterByAuthor
FN:6,(anonymous_2)
FN:11,(anonymous_3)
FN:14,(anonymous_4)
FN:22,(anonymous_5)
FN:31,(anonymous_6)
FN:42,(anonymous_7)
FN:44,(anonymous_8)
FN:46,(anonymous_9)
FN:47,(anonymous_10)
FN:52,(anonymous_11)
FNF:11
FNH:11
FNDA:2,filterByAuthor
FNDA:2,(anonymous_2)
FNDA:10,(anonymous_3)
FNDA:4,(anonymous_4)
FNDA:4,(anonymous_5)
FNDA:3,(anonymous_6)
FNDA:3,(anonymous_7)
FNDA:3,(anonymous_8)
FNDA:3,(anonymous_9)
FNDA:3,(anonymous_10)
FNDA:3,(anonymous_11)
DA:2,1
DA:3,1
DA:5,1
DA:6,2
DA:7,2
DA:11,1
DA:12,10
DA:13,10
DA:15,4
DA:16,2
DA:19,4
DA:20,4
DA:22,4
DA:24,4
DA:25,2
DA:27,4
DA:33,3
DA:34,0
DA:38,3
DA:39,3
DA:42,3
DA:44,3
DA:46,3
DA:47,3
DA:48,3
DA:49,3
DA:53,3
DA:54,0
DA:57,3
LF:29
LH:27
BRDA:7,1,0,2
BRDA:7,1,1,2
BRDA:15,2,0,2
BRDA:15,2,1,2
BRDA:19,3,0,4
BRDA:19,3,1,4
BRDA:24,4,0,2
BRDA:24,4,1,2
BRDA:33,5,0,0
BRDA:33,5,1,3
BRDA:33,6,0,3
BRDA:33,6,1,0
BRDA:53,7,0,0
BRDA:53,7,1,3
BRF:14
BRH:11
end_of_record
TN:
SF:/Users/ben/Sites/backbase/stash-rest-api/lib/api/hooks.js
FN:4,(anonymous_1)
FN:5,(anonymous_2)
FN:13,(anonymous_3)
FN:17,(anonymous_4)
FN:21,(anonymous_5)
FN:25,(anonymous_6)
FNF:6
FNH:6
FNDA:10,(anonymous_1)
FNDA:2,(anonymous_2)
FNDA:1,(anonymous_3)
FNDA:1,(anonymous_4)
FNDA:1,(anonymous_5)
FNDA:1,(anonymous_6)
DA:2,1
DA:4,1
DA:5,10
DA:6,2
DA:7,2
DA:9,2
DA:12,10
DA:14,1
DA:18,1
DA:22,1
DA:26,1
LF:11
LH:11
BRDA:6,1,0,2
BRDA:6,1,1,2
BRF:2
BRH:2
end_of_record
